<?xml version="1.0" encoding="UTF-8"?>
<coverage generated="1703879013021" clover="3.2.0">
  <project timestamp="1703879013021" name="All files">
    <metrics statements="9" coveredstatements="9" conditionals="7" coveredconditionals="7" methods="3" coveredmethods="3" elements="19" coveredelements="19" complexity="0" loc="9" ncloc="9" packages="1" files="1" classes="1"/>
    <file name="PasswordValidator.js" path="/Users/nina/Documents/Reprositories/Hexlet modules/Module 3/Professional JS With Tests/professionalJSWithTests/OODesign/PasswordValidator/src/PasswordValidator.js">
      <metrics statements="9" coveredstatements="9" conditionals="7" coveredconditionals="7" methods="3" coveredmethods="3"/>
      <line num="1" count="1" type="stmt"/>
      <line num="4" count="5" type="stmt"/>
      <line num="9" count="5" type="stmt"/>
      <line num="13" count="12" type="stmt"/>
      <line num="14" count="12" type="cond" truecount="2" falsecount="0"/>
      <line num="15" count="6" type="stmt"/>
      <line num="17" count="37" type="cond" truecount="4" falsecount="0"/>
      <line num="18" count="2" type="stmt"/>
      <line num="21" count="12" type="stmt"/>
    </file>
  </project>
</coverage>
