{"/Users/nina/Documents/Reprositories/Hexlet modules/Module 3/Professional JS With Tests/professionalJSWithTests/OODesign/PasswordValidator/src/PasswordValidator.js": {"path":"/Users/nina/Documents/Reprositories/Hexlet modules/Module 3/Professional JS With Tests/professionalJSWithTests/OODesign/PasswordValidator/src/PasswordValidator.js","statementMap":{"0":{"start":{"line":1,"column":22},"end":{"line":1,"column":67}},"1":{"start":{"line":4,"column":27},"end":{"line":7,"column":5}},"2":{"start":{"line":9,"column":4},"end":{"line":9,"column":53}},"3":{"start":{"line":13,"column":19},"end":{"line":13,"column":21}},"4":{"start":{"line":14,"column":4},"end":{"line":16,"column":5}},"5":{"start":{"line":15,"column":6},"end":{"line":15,"column":37}},"6":{"start":{"line":17,"column":4},"end":{"line":19,"column":5}},"7":{"start":{"line":17,"column":86},"end":{"line":17,"column":117}},"8":{"start":{"line":18,"column":6},"end":{"line":18,"column":67}},"9":{"start":{"line":21,"column":4},"end":{"line":21,"column":18}}},"fnMap":{"0":{"name":"(anonymous_0)","decl":{"start":{"line":3,"column":2},"end":{"line":3,"column":3}},"loc":{"start":{"line":3,"column":28},"end":{"line":10,"column":3}},"line":3},"1":{"name":"(anonymous_1)","decl":{"start":{"line":12,"column":2},"end":{"line":12,"column":3}},"loc":{"start":{"line":12,"column":21},"end":{"line":22,"column":3}},"line":12},"2":{"name":"(anonymous_2)","decl":{"start":{"line":17,"column":73},"end":{"line":17,"column":74}},"loc":{"start":{"line":17,"column":86},"end":{"line":17,"column":117}},"line":17}},"branchMap":{"0":{"loc":{"start":{"line":3,"column":14},"end":{"line":3,"column":26}},"type":"default-arg","locations":[{"start":{"line":3,"column":24},"end":{"line":3,"column":26}}],"line":3},"1":{"loc":{"start":{"line":14,"column":4},"end":{"line":16,"column":5}},"type":"if","locations":[{"start":{"line":14,"column":4},"end":{"line":16,"column":5}},{"start":{},"end":{}}],"line":14},"2":{"loc":{"start":{"line":17,"column":4},"end":{"line":19,"column":5}},"type":"if","locations":[{"start":{"line":17,"column":4},"end":{"line":19,"column":5}},{"start":{},"end":{}}],"line":17},"3":{"loc":{"start":{"line":17,"column":8},"end":{"line":17,"column":129}},"type":"binary-expr","locations":[{"start":{"line":17,"column":8},"end":{"line":17,"column":44}},{"start":{"line":17,"column":48},"end":{"line":17,"column":129}}],"line":17}},"s":{"0":1,"1":5,"2":5,"3":12,"4":12,"5":6,"6":12,"7":37,"8":2,"9":12},"f":{"0":5,"1":12,"2":37},"b":{"0":[1],"1":[6,6],"2":[2,10],"3":[12,8]},"_coverageSchema":"1a1c01bbd47fc00a2c39e90264f33305004495a9","hash":"9a412b916e447302cd991a329abd023d0be295bf"}
}
